Added Component: Designator=BOOT(SW-SMD)
Add component (AddParameter): Name = "LatestRevisionDate"; Value = "17-Jul-2002"; VariantName = "[No Variations]"
Add component (AddParameter): Name = "LatestRevisionNote"; Value = "Re-released for DXP Platform."; VariantName = "[No Variations]"
Add component (AddParameter): Name = "PackageReference"; Value = "SPST-2"; VariantName = "[No Variations]"
Add component (AddParameter): Name = "Published"; Value = "24-Mar-1999"; VariantName = "[No Variations]"
Add component (AddParameter): Name = "Publisher"; Value = "Altium Limited"; VariantName = "[No Variations]"
Added Component: Designator=C1(SM-0805)
Add component (AddParameter): Name = "Value"; Value = "103"; VariantName = "[No Variations]"
Added Component: Designator=C2(SM-0805)
Add component (AddParameter): Name = "Value"; Value = "103"; VariantName = "[No Variations]"
Added Component: Designator=C3(CAP_TANTALUM_3528)
Add component (AddParameter): Name = "Check_prices"; Value = "https://www.snapeda.com/parts/TAJB475K025RNJ/AVX/view-part/?ref=eda"; VariantName = "[No Variations]"
Add component (AddParameter): Name = "MF"; Value = "AVX"; VariantName = "[No Variations]"
Add component (AddParameter): Name = "MP"; Value = "TAJB475K025RNJ"; VariantName = "[No Variations]"
Add component (AddParameter): Name = "Package"; Value = "1411 AVX Corporation"; VariantName = "[No Variations]"
Add component (AddParameter): Name = "SnapEDA_Link"; Value = "https://www.snapeda.com/parts/TAJB475K025RNJ/AVX/view-part/?ref=snap"; VariantName = "[No Variations]"
Add component (AddParameter): Name = "Value"; Value = ""; VariantName = "[No Variations]"
Added Component: Designator=C4(SM-0805)
Add component (AddParameter): Name = "Value"; Value = "103"; VariantName = "[No Variations]"
Added Component: Designator=C5(SM-0805)
Add component (AddParameter): Name = "Value"; Value = "103"; VariantName = "[No Variations]"
Added Component: Designator=C6(SM-0805)
Add component (AddParameter): Name = "Value"; Value = "103"; VariantName = "[No Variations]"
Added Component: Designator=C7(SM-0805)
Add component (AddParameter): Name = "Value"; Value = "103"; VariantName = "[No Variations]"
Added Component: Designator=ESP1(ESP_WROOM_32)
Added Component: Designator=J1(USB-M1)
Add component (AddParameter): Name = ".Checked PCB"; Value = "RF"; VariantName = "[No Variations]"
Add component (AddParameter): Name = ".Checked SCH"; Value = "MM"; VariantName = "[No Variations]"
Add component (AddParameter): Name = ".Creator"; Value = "MM"; VariantName = "[No Variations]"
Add component (AddParameter): Name = "Category"; Value = "Connectors, Interconnects"; VariantName = "[No Variations]"
Add component (AddParameter): Name = "ComponentLink1Description"; Value = "http://portal.fciconnect.com/Comergent//fci/drawing/10118193.pdf"; VariantName = "[No Variations]"
Add component (AddParameter): Name = "ComponentLink1URL"; Value = "http://portal.fciconnect.com/Comergent//fci/drawing/10118193.pdf"; VariantName = "[No Variations]"
Add component (AddParameter): Name = "Connector Type"; Value = "USB - micro B"; VariantName = "[No Variations]"
Add component (AddParameter): Name = "Features"; Value = "Shielded, Solder Retention"; VariantName = "[No Variations]"
Add component (AddParameter): Name = "Gender"; Value = "Receptacle"; VariantName = "[No Variations]"
Add component (AddParameter): Name = "Ingress Protection"; Value = "-"; VariantName = "[No Variations]"
Add component (AddParameter): Name = "Manufacturer"; Value = "FCI"; VariantName = "[No Variations]"
Add component (AddParameter): Name = "Manufacturer Part Number"; Value = "10118193-0001LF"; VariantName = "[No Variations]"
Add component (AddParameter): Name = "Mounting Type"; Value = "Surface Mount, Right Angle, Horizontal"; VariantName = "[No Variations]"
Add component (AddParameter): Name = "Number of Contacts"; Value = "5"; VariantName = "[No Variations]"
Add component (AddParameter): Name = "Packaging"; Value = "Cut Tape (CT)"; VariantName = "[No Variations]"
Add component (AddParameter): Name = "Pricing 1"; Value = "1=0.46, 10=0.433, 25=0.3712, 50=0.3156, 100=0.3032, 250=0.27224, 500=0.25988 (USD)"; VariantName = "[No Variations]"
Add component (AddParameter): Name = "RoHS"; Value = "RoHS Compliant"; VariantName = "[No Variations]"
Add component (AddParameter): Name = "Specifications"; Value = "USB 2.0"; VariantName = "[No Variations]"
Add component (AddParameter): Name = "Stock 1"; Value = "28642"; VariantName = "[No Variations]"
Add component (AddParameter): Name = "Supplier 1"; Value = "Digi-Key"; VariantName = "[No Variations]"
Add component (AddParameter): Name = "Supplier Part Number 1"; Value = "609-4616-1-ND"; VariantName = "[No Variations]"
Added Component: Designator=LED1(LED 3512)
Add component (AddParameter): Name = "Value"; Value = "LED 3 - 5 ly 2 Colour"; VariantName = "[No Variations]"
Added Component: Designator=P1(HDR1X19)
Add component (AddParameter): Name = "LatestRevisionDate"; Value = "17-Jul-2002"; VariantName = "[No Variations]"
Add component (AddParameter): Name = "LatestRevisionNote"; Value = "Re-released for DXP Platform."; VariantName = "[No Variations]"
Add component (AddParameter): Name = "Publisher"; Value = "Altium Limited"; VariantName = "[No Variations]"
Added Component: Designator=P2(HDR1X19)
Add component (AddParameter): Name = "LatestRevisionDate"; Value = "17-Jul-2002"; VariantName = "[No Variations]"
Add component (AddParameter): Name = "LatestRevisionNote"; Value = "Re-released for DXP Platform."; VariantName = "[No Variations]"
Add component (AddParameter): Name = "Publisher"; Value = "Altium Limited"; VariantName = "[No Variations]"
Added Component: Designator=Q1(SOT23)
Added Component: Designator=Q2(SOT23)
Added Component: Designator=R1(DIEN TRO 0805)
Add component (AddParameter): Name = "LatestRevisionDate"; Value = "17-Jul-2002"; VariantName = "[No Variations]"
Add component (AddParameter): Name = "LatestRevisionNote"; Value = "Re-released for DXP Platform."; VariantName = "[No Variations]"
Add component (AddParameter): Name = "PackageReference"; Value = "AXIAL-0.4"; VariantName = "[No Variations]"
Add component (AddParameter): Name = "Published"; Value = "8-Jun-2000"; VariantName = "[No Variations]"
Add component (AddParameter): Name = "Publisher"; Value = "Altium Limited"; VariantName = "[No Variations]"
Add component (AddParameter): Name = "Value"; Value = "1K"; VariantName = "[No Variations]"
Added Component: Designator=R2(DIEN TRO 0805)
Add component (AddParameter): Name = "LatestRevisionDate"; Value = "17-Jul-2002"; VariantName = "[No Variations]"
Add component (AddParameter): Name = "LatestRevisionNote"; Value = "Re-released for DXP Platform."; VariantName = "[No Variations]"
Add component (AddParameter): Name = "PackageReference"; Value = "AXIAL-0.4"; VariantName = "[No Variations]"
Add component (AddParameter): Name = "Published"; Value = "8-Jun-2000"; VariantName = "[No Variations]"
Add component (AddParameter): Name = "Publisher"; Value = "Altium Limited"; VariantName = "[No Variations]"
Add component (AddParameter): Name = "Value"; Value = "1K"; VariantName = "[No Variations]"
Added Component: Designator=R3(DIEN TRO 0805)
Add component (AddParameter): Name = "LatestRevisionDate"; Value = "17-Jul-2002"; VariantName = "[No Variations]"
Add component (AddParameter): Name = "LatestRevisionNote"; Value = "Re-released for DXP Platform."; VariantName = "[No Variations]"
Add component (AddParameter): Name = "PackageReference"; Value = "AXIAL-0.4"; VariantName = "[No Variations]"
Add component (AddParameter): Name = "Published"; Value = "8-Jun-2000"; VariantName = "[No Variations]"
Add component (AddParameter): Name = "Publisher"; Value = "Altium Limited"; VariantName = "[No Variations]"
Add component (AddParameter): Name = "Value"; Value = "10K"; VariantName = "[No Variations]"
Added Component: Designator=R4(DIEN TRO 0805)
Add component (AddParameter): Name = "LatestRevisionDate"; Value = "17-Jul-2002"; VariantName = "[No Variations]"
Add component (AddParameter): Name = "LatestRevisionNote"; Value = "Re-released for DXP Platform."; VariantName = "[No Variations]"
Add component (AddParameter): Name = "PackageReference"; Value = "AXIAL-0.4"; VariantName = "[No Variations]"
Add component (AddParameter): Name = "Published"; Value = "8-Jun-2000"; VariantName = "[No Variations]"
Add component (AddParameter): Name = "Publisher"; Value = "Altium Limited"; VariantName = "[No Variations]"
Add component (AddParameter): Name = "Value"; Value = "10k"; VariantName = "[No Variations]"
Added Component: Designator=R5(DIEN TRO 0805)
Add component (AddParameter): Name = "LatestRevisionDate"; Value = "17-Jul-2002"; VariantName = "[No Variations]"
Add component (AddParameter): Name = "LatestRevisionNote"; Value = "Re-released for DXP Platform."; VariantName = "[No Variations]"
Add component (AddParameter): Name = "PackageReference"; Value = "AXIAL-0.4"; VariantName = "[No Variations]"
Add component (AddParameter): Name = "Published"; Value = "8-Jun-2000"; VariantName = "[No Variations]"
Add component (AddParameter): Name = "Publisher"; Value = "Altium Limited"; VariantName = "[No Variations]"
Add component (AddParameter): Name = "Value"; Value = "10k"; VariantName = "[No Variations]"
Added Component: Designator=R6(DIEN TRO 0805)
Add component (AddParameter): Name = "LatestRevisionDate"; Value = "17-Jul-2002"; VariantName = "[No Variations]"
Add component (AddParameter): Name = "LatestRevisionNote"; Value = "Re-released for DXP Platform."; VariantName = "[No Variations]"
Add component (AddParameter): Name = "PackageReference"; Value = "AXIAL-0.4"; VariantName = "[No Variations]"
Add component (AddParameter): Name = "Published"; Value = "8-Jun-2000"; VariantName = "[No Variations]"
Add component (AddParameter): Name = "Publisher"; Value = "Altium Limited"; VariantName = "[No Variations]"
Add component (AddParameter): Name = "Value"; Value = "10k"; VariantName = "[No Variations]"
Added Component: Designator=R7(DIEN TRO 0805)
Add component (AddParameter): Name = "LatestRevisionDate"; Value = "17-Jul-2002"; VariantName = "[No Variations]"
Add component (AddParameter): Name = "LatestRevisionNote"; Value = "Re-released for DXP Platform."; VariantName = "[No Variations]"
Add component (AddParameter): Name = "PackageReference"; Value = "AXIAL-0.4"; VariantName = "[No Variations]"
Add component (AddParameter): Name = "Published"; Value = "8-Jun-2000"; VariantName = "[No Variations]"
Add component (AddParameter): Name = "Publisher"; Value = "Altium Limited"; VariantName = "[No Variations]"
Add component (AddParameter): Name = "Value"; Value = "1K"; VariantName = "[No Variations]"
Added Component: Designator=RESET(SW-SMD)
Add component (AddParameter): Name = "LatestRevisionDate"; Value = "17-Jul-2002"; VariantName = "[No Variations]"
Add component (AddParameter): Name = "LatestRevisionNote"; Value = "Re-released for DXP Platform."; VariantName = "[No Variations]"
Add component (AddParameter): Name = "PackageReference"; Value = "SPST-2"; VariantName = "[No Variations]"
Add component (AddParameter): Name = "Published"; Value = "24-Mar-1999"; VariantName = "[No Variations]"
Add component (AddParameter): Name = "Publisher"; Value = "Altium Limited"; VariantName = "[No Variations]"
Added Component: Designator=SS1(DIO-SMD-106)
Add component (AddParameter): Name = "Code - JEDEC"; Value = "DO-214-AB"; VariantName = "[No Variations]"
Add component (AddParameter): Name = "Published"; Value = "8-Jun-2000"; VariantName = "[No Variations]"
Add component (AddParameter): Name = "Publisher"; Value = "Altium Limited"; VariantName = "[No Variations]"
Add component (AddParameter): Name = "Revision"; Value = "July-2002: Re-released for DXP Platform."; VariantName = "[No Variations]"
Add component (AddParameter): Name = "Value"; Value = "1N5007"; VariantName = "[No Variations]"
Added Component: Designator=U1(SO16)
Add component (AddParameter): Name = "ComponentLink1Description"; Value = "Manufacturer Link"; VariantName = "[No Variations]"
Add component (AddParameter): Name = "ComponentLink1URL"; Value = "http://www.irf.com/"; VariantName = "[No Variations]"
Add component (AddParameter): Name = "ComponentLink2Description"; Value = "Datasheet"; VariantName = "[No Variations]"
Add component (AddParameter): Name = "ComponentLink2URL"; Value = "http://www.irf.com/product-info/datasheets/data/ir2110.pdf"; VariantName = "[No Variations]"
Add component (AddParameter): Name = "DatasheetVersion"; Value = "PD60147J"; VariantName = "[No Variations]"
Add component (AddParameter): Name = "LatestRevisionDate"; Value = "04-Mar-2005"; VariantName = "[No Variations]"
Add component (AddParameter): Name = "LatestRevisionNote"; Value = "Stylized 3D Model Added."; VariantName = "[No Variations]"
Add component (AddParameter): Name = "Note"; Value = "Pins 4, 8 and 14 are not connected"; VariantName = "[No Variations]"
Add component (AddParameter): Name = "PackageDescription"; Value = "DIP; 14 Leads; Row Spacing 7.62 mm; Pitch 2.54 mm"; VariantName = "[No Variations]"
Add component (AddParameter): Name = "PackageReference"; Value = "PDIP14"; VariantName = "[No Variations]"
Add component (AddParameter): Name = "Published"; Value = "8-Jun-2000"; VariantName = "[No Variations]"
Add component (AddParameter): Name = "Publisher"; Value = "Altium Limited"; VariantName = "[No Variations]"
Added Component: Designator=U2(SOT223-4N)
Added Pin To Net: NetName=IO0 Pin=BOOT-1
Added Pin To Net: NetName=GND Pin=BOOT-2
Added Pin To Net: NetName=GND Pin=C1-1
Added Pin To Net: NetName=3V3 Pin=C1-2
Added Pin To Net: NetName=GND Pin=C2-1
Added Pin To Net: NetName=5V Pin=C2-2
Added Pin To Net: NetName=3V3 Pin=C3-1
Added Pin To Net: NetName=GND Pin=C3-2
Added Pin To Net: NetName=GND Pin=C4-1
Added Pin To Net: NetName=5V Pin=C4-2
Added Pin To Net: NetName=GND Pin=C5-1
Added Pin To Net: NetName=3V3 Pin=C5-2
Added Pin To Net: NetName=GND Pin=C6-1
Added Pin To Net: NetName=IO0 Pin=C6-2
Added Pin To Net: NetName=GND Pin=C7-1
Added Pin To Net: NetName=EN Pin=C7-2
Added Pin To Net: NetName=GND Pin=ESP1-1
Added Pin To Net: NetName=3V3 Pin=ESP1-2
Added Pin To Net: NetName=EN Pin=ESP1-3
Added Pin To Net: NetName=SVP Pin=ESP1-4
Added Pin To Net: NetName=SVN Pin=ESP1-5
Added Pin To Net: NetName=IO34 Pin=ESP1-6
Added Pin To Net: NetName=IO35 Pin=ESP1-7
Added Pin To Net: NetName=IO32 Pin=ESP1-8
Added Pin To Net: NetName=IO33 Pin=ESP1-9
Added Pin To Net: NetName=IO25 Pin=ESP1-10
Added Pin To Net: NetName=IO26 Pin=ESP1-11
Added Pin To Net: NetName=IO27 Pin=ESP1-12
Added Pin To Net: NetName=IO14 Pin=ESP1-13
Added Pin To Net: NetName=IO12 Pin=ESP1-14
Added Pin To Net: NetName=GND Pin=ESP1-15
Added Pin To Net: NetName=IO13 Pin=ESP1-16
Added Pin To Net: NetName=SD2 Pin=ESP1-17
Added Pin To Net: NetName=SD3 Pin=ESP1-18
Added Pin To Net: NetName=CMD Pin=ESP1-19
Added Pin To Net: NetName=CLK Pin=ESP1-20
Added Pin To Net: NetName=SD0 Pin=ESP1-21
Added Pin To Net: NetName=SD1 Pin=ESP1-22
Added Pin To Net: NetName=IO15 Pin=ESP1-23
Added Pin To Net: NetName=IO2 Pin=ESP1-24
Added Pin To Net: NetName=IO0 Pin=ESP1-25
Added Pin To Net: NetName=IO4 Pin=ESP1-26
Added Pin To Net: NetName=IO16 Pin=ESP1-27
Added Pin To Net: NetName=IO17 Pin=ESP1-28
Added Pin To Net: NetName=IO5 Pin=ESP1-29
Added Pin To Net: NetName=IO18 Pin=ESP1-30
Added Pin To Net: NetName=IO19 Pin=ESP1-31
Added Pin To Net: NetName=IO21 Pin=ESP1-33
Added Pin To Net: NetName=RXD Pin=ESP1-34
Added Pin To Net: NetName=TXD Pin=ESP1-35
Added Pin To Net: NetName=IO22 Pin=ESP1-36
Added Pin To Net: NetName=IO23 Pin=ESP1-37
Added Pin To Net: NetName=GND Pin=ESP1-38
Added Pin To Net: NetName=GND Pin=ESP1-39
Added Pin To Net: NetName=GND Pin=ESP1-39
Added Pin To Net: NetName=GND Pin=ESP1-39
Added Pin To Net: NetName=GND Pin=ESP1-39
Added Pin To Net: NetName=GND Pin=ESP1-39
Added Pin To Net: NetName=GND Pin=ESP1-39
Added Pin To Net: NetName=GND Pin=ESP1-39
Added Pin To Net: NetName=GND Pin=ESP1-39
Added Pin To Net: NetName=GND Pin=ESP1-39
Added Pin To Net: NetName=NetJ1_1 Pin=J1-1
Added Pin To Net: NetName=D- Pin=J1-2
Added Pin To Net: NetName=D+ Pin=J1-3
Added Pin To Net: NetName=GND Pin=J1-5
Added Pin To Net: NetName=GND Pin=J1-5
Added Pin To Net: NetName=GND Pin=J1-5
Added Pin To Net: NetName=NetLED1_1 Pin=LED1-1
Added Pin To Net: NetName=GND Pin=LED1-2
Added Pin To Net: NetName=3V3 Pin=P1-1
Added Pin To Net: NetName=EN Pin=P1-2
Added Pin To Net: NetName=SVP Pin=P1-3
Added Pin To Net: NetName=SVN Pin=P1-4
Added Pin To Net: NetName=IO34 Pin=P1-5
Added Pin To Net: NetName=IO35 Pin=P1-6
Added Pin To Net: NetName=IO32 Pin=P1-7
Added Pin To Net: NetName=IO33 Pin=P1-8
Added Pin To Net: NetName=IO25 Pin=P1-9
Added Pin To Net: NetName=IO26 Pin=P1-10
Added Pin To Net: NetName=IO27 Pin=P1-11
Added Pin To Net: NetName=IO14 Pin=P1-12
Added Pin To Net: NetName=IO12 Pin=P1-13
Added Pin To Net: NetName=GND Pin=P1-14
Added Pin To Net: NetName=IO13 Pin=P1-15
Added Pin To Net: NetName=SD2 Pin=P1-16
Added Pin To Net: NetName=SD3 Pin=P1-17
Added Pin To Net: NetName=CMD Pin=P1-18
Added Pin To Net: NetName=5V Pin=P1-19
Added Pin To Net: NetName=GND Pin=P2-1
Added Pin To Net: NetName=IO23 Pin=P2-2
Added Pin To Net: NetName=IO22 Pin=P2-3
Added Pin To Net: NetName=TXD Pin=P2-4
Added Pin To Net: NetName=RXD Pin=P2-5
Added Pin To Net: NetName=IO21 Pin=P2-6
Added Pin To Net: NetName=GND Pin=P2-7
Added Pin To Net: NetName=IO19 Pin=P2-8
Added Pin To Net: NetName=IO18 Pin=P2-9
Added Pin To Net: NetName=IO5 Pin=P2-10
Added Pin To Net: NetName=IO17 Pin=P2-11
Added Pin To Net: NetName=IO16 Pin=P2-12
Added Pin To Net: NetName=IO4 Pin=P2-13
Added Pin To Net: NetName=IO0 Pin=P2-14
Added Pin To Net: NetName=IO2 Pin=P2-15
Added Pin To Net: NetName=IO15 Pin=P2-16
Added Pin To Net: NetName=SD1 Pin=P2-17
Added Pin To Net: NetName=SD0 Pin=P2-18
Added Pin To Net: NetName=CLK Pin=P2-19
Added Pin To Net: NetName=NetQ1_1 Pin=Q1-1
Added Pin To Net: NetName=RTS Pin=Q1-2
Added Pin To Net: NetName=EN Pin=Q1-3
Added Pin To Net: NetName=NetQ2_1 Pin=Q2-1
Added Pin To Net: NetName=DRT Pin=Q2-2
Added Pin To Net: NetName=IO0 Pin=Q2-3
Added Pin To Net: NetName=NetR1_1 Pin=R1-1
Added Pin To Net: NetName=RXD Pin=R1-2
Added Pin To Net: NetName=NetR2_1 Pin=R2-1
Added Pin To Net: NetName=TXD Pin=R2-2
Added Pin To Net: NetName=DRT Pin=R3-1
Added Pin To Net: NetName=NetQ1_1 Pin=R3-2
Added Pin To Net: NetName=RTS Pin=R4-1
Added Pin To Net: NetName=NetQ2_1 Pin=R4-2
Added Pin To Net: NetName=3V3 Pin=R5-1
Added Pin To Net: NetName=IO0 Pin=R5-2
Added Pin To Net: NetName=3V3 Pin=R6-1
Added Pin To Net: NetName=EN Pin=R6-2
Added Pin To Net: NetName=3V3 Pin=R7-1
Added Pin To Net: NetName=NetLED1_1 Pin=R7-2
Added Pin To Net: NetName=EN Pin=RESET-1
Added Pin To Net: NetName=GND Pin=RESET-2
Added Pin To Net: NetName=NetJ1_1 Pin=SS1-1
Added Pin To Net: NetName=5V Pin=SS1-2
Added Pin To Net: NetName=GND Pin=U1-1
Added Pin To Net: NetName=NetR1_1 Pin=U1-2
Added Pin To Net: NetName=NetR2_1 Pin=U1-3
Added Pin To Net: NetName=3V3 Pin=U1-4
Added Pin To Net: NetName=D+ Pin=U1-5
Added Pin To Net: NetName=D- Pin=U1-6
Added Pin To Net: NetName=DTR Pin=U1-13
Added Pin To Net: NetName=RTS Pin=U1-14
Added Pin To Net: NetName=5V Pin=U1-16
Added Pin To Net: NetName=GND Pin=U2-1
Added Pin To Net: NetName=3V3 Pin=U2-2
Added Pin To Net: NetName=5V Pin=U2-3
Added Member To Class: ClassName=KIT-ESP32 Member=Component BOOT SW-SMD
Added Member To Class: ClassName=KIT-ESP32 Member=Component C1 104
Added Member To Class: ClassName=KIT-ESP32 Member=Component C2 103
Added Member To Class: ClassName=KIT-ESP32 Member=Component C3 107C
Added Member To Class: ClassName=KIT-ESP32 Member=Component C4 106
Added Member To Class: ClassName=KIT-ESP32 Member=Component C5 106
Added Member To Class: ClassName=KIT-ESP32 Member=Component C6 104
Added Member To Class: ClassName=KIT-ESP32 Member=Component C7 104
Added Member To Class: ClassName=KIT-ESP32 Member=Component ESP1 ESP32
Added Member To Class: ClassName=KIT-ESP32 Member=Component J1 USB-5
Added Member To Class: ClassName=KIT-ESP32 Member=Component LED1 LED
Added Member To Class: ClassName=KIT-ESP32 Member=Component P1 Header 19
Added Member To Class: ClassName=KIT-ESP32 Member=Component P2 Header 19
Added Member To Class: ClassName=KIT-ESP32 Member=Component Q1 S8050
Added Member To Class: ClassName=KIT-ESP32 Member=Component Q2 S8050
Added Member To Class: ClassName=KIT-ESP32 Member=Component R1 R0805
Added Member To Class: ClassName=KIT-ESP32 Member=Component R2 R0805
Added Member To Class: ClassName=KIT-ESP32 Member=Component R3 R0805
Added Member To Class: ClassName=KIT-ESP32 Member=Component R4 R0805
Added Member To Class: ClassName=KIT-ESP32 Member=Component R5 R0805
Added Member To Class: ClassName=KIT-ESP32 Member=Component R6 R0805
Added Member To Class: ClassName=KIT-ESP32 Member=Component R7 R0805
Added Member To Class: ClassName=KIT-ESP32 Member=Component RESET SW-SMD
Added Member To Class: ClassName=KIT-ESP32 Member=Component SS1 Diode SMD
Added Member To Class: ClassName=KIT-ESP32 Member=Component U1 CH340C
Added Member To Class: ClassName=KIT-ESP32 Member=Component U2 AMS1117
Added Room: Name=KIT-ESP32
