Added Component: Designator=BOOT?(SW-SMD)
Add component (AddParameter): Name = "LatestRevisionDate"; Value = "17-Jul-2002"; VariantName = "[No Variations]"
Add component (AddParameter): Name = "LatestRevisionNote"; Value = "Re-released for DXP Platform."; VariantName = "[No Variations]"
Add component (AddParameter): Name = "PackageReference"; Value = "SPST-2"; VariantName = "[No Variations]"
Add component (AddParameter): Name = "Published"; Value = "24-Mar-1999"; VariantName = "[No Variations]"
Add component (AddParameter): Name = "Publisher"; Value = "Altium Limited"; VariantName = "[No Variations]"
Added Component: Designator=BOOT?(SW-SMD)
Add component (AddParameter): Name = "LatestRevisionDate"; Value = "17-Jul-2002"; VariantName = "[No Variations]"
Add component (AddParameter): Name = "LatestRevisionNote"; Value = "Re-released for DXP Platform."; VariantName = "[No Variations]"
Add component (AddParameter): Name = "PackageReference"; Value = "SPST-2"; VariantName = "[No Variations]"
Add component (AddParameter): Name = "Published"; Value = "24-Mar-1999"; VariantName = "[No Variations]"
Add component (AddParameter): Name = "Publisher"; Value = "Altium Limited"; VariantName = "[No Variations]"
Added Component: Designator=C?(SM-0805)
Add component (AddParameter): Name = "Value"; Value = "103"; VariantName = "[No Variations]"
Added Component: Designator=C?(SM-0805)
Add component (AddParameter): Name = "Value"; Value = "103"; VariantName = "[No Variations]"
Added Component: Designator=C?(SM-0805)
Add component (AddParameter): Name = "Value"; Value = "103"; VariantName = "[No Variations]"
Added Component: Designator=C?(CAP_TANTALUM_3528)
Add component (AddParameter): Name = "Check_prices"; Value = "https://www.snapeda.com/parts/TAJB475K025RNJ/AVX/view-part/?ref=eda"; VariantName = "[No Variations]"
Add component (AddParameter): Name = "MF"; Value = "AVX"; VariantName = "[No Variations]"
Add component (AddParameter): Name = "MP"; Value = "TAJB475K025RNJ"; VariantName = "[No Variations]"
Add component (AddParameter): Name = "Package"; Value = "1411 AVX Corporation"; VariantName = "[No Variations]"
Add component (AddParameter): Name = "SnapEDA_Link"; Value = "https://www.snapeda.com/parts/TAJB475K025RNJ/AVX/view-part/?ref=snap"; VariantName = "[No Variations]"
Add component (AddParameter): Name = "Value"; Value = ""; VariantName = "[No Variations]"
Added Component: Designator=C?(SM-0805)
Add component (AddParameter): Name = "Value"; Value = "103"; VariantName = "[No Variations]"
Added Component: Designator=C?(SM-0805)
Add component (AddParameter): Name = "Value"; Value = "103"; VariantName = "[No Variations]"
Added Component: Designator=C?(SM-0805)
Add component (AddParameter): Name = "Value"; Value = "103"; VariantName = "[No Variations]"
Added Component: Designator=ESP?(ESP_WROOM_32)
Added Component: Designator=J?(USB-M1)
Add component (AddParameter): Name = ".Checked PCB"; Value = "RF"; VariantName = "[No Variations]"
Add component (AddParameter): Name = ".Checked SCH"; Value = "MM"; VariantName = "[No Variations]"
Add component (AddParameter): Name = ".Creator"; Value = "MM"; VariantName = "[No Variations]"
Add component (AddParameter): Name = "Category"; Value = "Connectors, Interconnects"; VariantName = "[No Variations]"
Add component (AddParameter): Name = "ComponentLink1Description"; Value = "http://portal.fciconnect.com/Comergent//fci/drawing/10118193.pdf"; VariantName = "[No Variations]"
Add component (AddParameter): Name = "ComponentLink1URL"; Value = "http://portal.fciconnect.com/Comergent//fci/drawing/10118193.pdf"; VariantName = "[No Variations]"
Add component (AddParameter): Name = "Connector Type"; Value = "USB - micro B"; VariantName = "[No Variations]"
Add component (AddParameter): Name = "Features"; Value = "Shielded, Solder Retention"; VariantName = "[No Variations]"
Add component (AddParameter): Name = "Gender"; Value = "Receptacle"; VariantName = "[No Variations]"
Add component (AddParameter): Name = "Ingress Protection"; Value = "-"; VariantName = "[No Variations]"
Add component (AddParameter): Name = "Manufacturer"; Value = "FCI"; VariantName = "[No Variations]"
Add component (AddParameter): Name = "Manufacturer Part Number"; Value = "10118193-0001LF"; VariantName = "[No Variations]"
Add component (AddParameter): Name = "Mounting Type"; Value = "Surface Mount, Right Angle, Horizontal"; VariantName = "[No Variations]"
Add component (AddParameter): Name = "Number of Contacts"; Value = "5"; VariantName = "[No Variations]"
Add component (AddParameter): Name = "Packaging"; Value = "Cut Tape (CT)"; VariantName = "[No Variations]"
Add component (AddParameter): Name = "Pricing 1"; Value = "1=0.46, 10=0.433, 25=0.3712, 50=0.3156, 100=0.3032, 250=0.27224, 500=0.25988 (USD)"; VariantName = "[No Variations]"
Add component (AddParameter): Name = "RoHS"; Value = "RoHS Compliant"; VariantName = "[No Variations]"
Add component (AddParameter): Name = "Specifications"; Value = "USB 2.0"; VariantName = "[No Variations]"
Add component (AddParameter): Name = "Stock 1"; Value = "28642"; VariantName = "[No Variations]"
Add component (AddParameter): Name = "Supplier 1"; Value = "Digi-Key"; VariantName = "[No Variations]"
Add component (AddParameter): Name = "Supplier Part Number 1"; Value = "609-4616-1-ND"; VariantName = "[No Variations]"
Added Component: Designator=LED?(LED 3512)
Add component (AddParameter): Name = "Value"; Value = "LED 3 - 5 ly 2 Colour"; VariantName = "[No Variations]"
Added Component: Designator=P?(HDR1X19)
Add component (AddParameter): Name = "LatestRevisionDate"; Value = "17-Jul-2002"; VariantName = "[No Variations]"
Add component (AddParameter): Name = "LatestRevisionNote"; Value = "Re-released for DXP Platform."; VariantName = "[No Variations]"
Add component (AddParameter): Name = "Publisher"; Value = "Altium Limited"; VariantName = "[No Variations]"
Added Component: Designator=P?(HDR1X19)
Add component (AddParameter): Name = "LatestRevisionDate"; Value = "17-Jul-2002"; VariantName = "[No Variations]"
Add component (AddParameter): Name = "LatestRevisionNote"; Value = "Re-released for DXP Platform."; VariantName = "[No Variations]"
Add component (AddParameter): Name = "Publisher"; Value = "Altium Limited"; VariantName = "[No Variations]"
Added Component: Designator=Q?(SOT23)
Added Component: Designator=Q?(SOT23)
Added Component: Designator=R?(DIEN TRO 0805)
Add component (AddParameter): Name = "LatestRevisionDate"; Value = "17-Jul-2002"; VariantName = "[No Variations]"
Add component (AddParameter): Name = "LatestRevisionNote"; Value = "Re-released for DXP Platform."; VariantName = "[No Variations]"
Add component (AddParameter): Name = "PackageReference"; Value = "AXIAL-0.4"; VariantName = "[No Variations]"
Add component (AddParameter): Name = "Published"; Value = "8-Jun-2000"; VariantName = "[No Variations]"
Add component (AddParameter): Name = "Publisher"; Value = "Altium Limited"; VariantName = "[No Variations]"
Add component (AddParameter): Name = "Value"; Value = "10K"; VariantName = "[No Variations]"
Added Component: Designator=R?(DIEN TRO 0805)
Add component (AddParameter): Name = "LatestRevisionDate"; Value = "17-Jul-2002"; VariantName = "[No Variations]"
Add component (AddParameter): Name = "LatestRevisionNote"; Value = "Re-released for DXP Platform."; VariantName = "[No Variations]"
Add component (AddParameter): Name = "PackageReference"; Value = "AXIAL-0.4"; VariantName = "[No Variations]"
Add component (AddParameter): Name = "Published"; Value = "8-Jun-2000"; VariantName = "[No Variations]"
Add component (AddParameter): Name = "Publisher"; Value = "Altium Limited"; VariantName = "[No Variations]"
Add component (AddParameter): Name = "Value"; Value = "10k"; VariantName = "[No Variations]"
Added Component: Designator=R?(DIEN TRO 0805)
Add component (AddParameter): Name = "LatestRevisionDate"; Value = "17-Jul-2002"; VariantName = "[No Variations]"
Add component (AddParameter): Name = "LatestRevisionNote"; Value = "Re-released for DXP Platform."; VariantName = "[No Variations]"
Add component (AddParameter): Name = "PackageReference"; Value = "AXIAL-0.4"; VariantName = "[No Variations]"
Add component (AddParameter): Name = "Published"; Value = "8-Jun-2000"; VariantName = "[No Variations]"
Add component (AddParameter): Name = "Publisher"; Value = "Altium Limited"; VariantName = "[No Variations]"
Add component (AddParameter): Name = "Value"; Value = "10k"; VariantName = "[No Variations]"
Added Component: Designator=R?(DIEN TRO 0805)
Add component (AddParameter): Name = "LatestRevisionDate"; Value = "17-Jul-2002"; VariantName = "[No Variations]"
Add component (AddParameter): Name = "LatestRevisionNote"; Value = "Re-released for DXP Platform."; VariantName = "[No Variations]"
Add component (AddParameter): Name = "PackageReference"; Value = "AXIAL-0.4"; VariantName = "[No Variations]"
Add component (AddParameter): Name = "Published"; Value = "8-Jun-2000"; VariantName = "[No Variations]"
Add component (AddParameter): Name = "Publisher"; Value = "Altium Limited"; VariantName = "[No Variations]"
Add component (AddParameter): Name = "Value"; Value = "1K"; VariantName = "[No Variations]"
Added Component: Designator=R?(DIEN TRO 0805)
Add component (AddParameter): Name = "LatestRevisionDate"; Value = "17-Jul-2002"; VariantName = "[No Variations]"
Add component (AddParameter): Name = "LatestRevisionNote"; Value = "Re-released for DXP Platform."; VariantName = "[No Variations]"
Add component (AddParameter): Name = "PackageReference"; Value = "AXIAL-0.4"; VariantName = "[No Variations]"
Add component (AddParameter): Name = "Published"; Value = "8-Jun-2000"; VariantName = "[No Variations]"
Add component (AddParameter): Name = "Publisher"; Value = "Altium Limited"; VariantName = "[No Variations]"
Add component (AddParameter): Name = "Value"; Value = "1K"; VariantName = "[No Variations]"
Added Component: Designator=R?(DIEN TRO 0805)
Add component (AddParameter): Name = "LatestRevisionDate"; Value = "17-Jul-2002"; VariantName = "[No Variations]"
Add component (AddParameter): Name = "LatestRevisionNote"; Value = "Re-released for DXP Platform."; VariantName = "[No Variations]"
Add component (AddParameter): Name = "PackageReference"; Value = "AXIAL-0.4"; VariantName = "[No Variations]"
Add component (AddParameter): Name = "Published"; Value = "8-Jun-2000"; VariantName = "[No Variations]"
Add component (AddParameter): Name = "Publisher"; Value = "Altium Limited"; VariantName = "[No Variations]"
Add component (AddParameter): Name = "Value"; Value = "10k"; VariantName = "[No Variations]"
Added Component: Designator=R?(DIEN TRO 0805)
Add component (AddParameter): Name = "LatestRevisionDate"; Value = "17-Jul-2002"; VariantName = "[No Variations]"
Add component (AddParameter): Name = "LatestRevisionNote"; Value = "Re-released for DXP Platform."; VariantName = "[No Variations]"
Add component (AddParameter): Name = "PackageReference"; Value = "AXIAL-0.4"; VariantName = "[No Variations]"
Add component (AddParameter): Name = "Published"; Value = "8-Jun-2000"; VariantName = "[No Variations]"
Add component (AddParameter): Name = "Publisher"; Value = "Altium Limited"; VariantName = "[No Variations]"
Add component (AddParameter): Name = "Value"; Value = "1K"; VariantName = "[No Variations]"
Added Component: Designator=SS?(DIO-SMD-106)
Add component (AddParameter): Name = "Code - JEDEC"; Value = "DO-214-AB"; VariantName = "[No Variations]"
Add component (AddParameter): Name = "Published"; Value = "8-Jun-2000"; VariantName = "[No Variations]"
Add component (AddParameter): Name = "Publisher"; Value = "Altium Limited"; VariantName = "[No Variations]"
Add component (AddParameter): Name = "Revision"; Value = "July-2002: Re-released for DXP Platform."; VariantName = "[No Variations]"
Add component (AddParameter): Name = "Value"; Value = "1N5007"; VariantName = "[No Variations]"
Added Component: Designator=U?(SO16)
Add component (AddParameter): Name = "ComponentLink1Description"; Value = "Manufacturer Link"; VariantName = "[No Variations]"
Add component (AddParameter): Name = "ComponentLink1URL"; Value = "http://www.irf.com/"; VariantName = "[No Variations]"
Add component (AddParameter): Name = "ComponentLink2Description"; Value = "Datasheet"; VariantName = "[No Variations]"
Add component (AddParameter): Name = "ComponentLink2URL"; Value = "http://www.irf.com/product-info/datasheets/data/ir2110.pdf"; VariantName = "[No Variations]"
Add component (AddParameter): Name = "DatasheetVersion"; Value = "PD60147J"; VariantName = "[No Variations]"
Add component (AddParameter): Name = "LatestRevisionDate"; Value = "04-Mar-2005"; VariantName = "[No Variations]"
Add component (AddParameter): Name = "LatestRevisionNote"; Value = "Stylized 3D Model Added."; VariantName = "[No Variations]"
Add component (AddParameter): Name = "Note"; Value = "Pins 4, 8 and 14 are not connected"; VariantName = "[No Variations]"
Add component (AddParameter): Name = "PackageDescription"; Value = "DIP; 14 Leads; Row Spacing 7.62 mm; Pitch 2.54 mm"; VariantName = "[No Variations]"
Add component (AddParameter): Name = "PackageReference"; Value = "PDIP14"; VariantName = "[No Variations]"
Add component (AddParameter): Name = "Published"; Value = "8-Jun-2000"; VariantName = "[No Variations]"
Add component (AddParameter): Name = "Publisher"; Value = "Altium Limited"; VariantName = "[No Variations]"
Added Component: Designator=U?(SOT223-4N)
Added Pin To Net: NetName=+5 Pin=C?-2
Added Pin To Net: NetName=+5 Pin=C?-2
Added Pin To Net: NetName=+5 Pin=SS?-2
Added Pin To Net: NetName=+5 Pin=U?-3
Added Pin To Net: NetName=+5 Pin=U?-16
Added Net: Name=+5
Added Pin To Net: NetName=3V3 Pin=C?-1
Added Pin To Net: NetName=3V3 Pin=C?-2
Added Pin To Net: NetName=3V3 Pin=C?-2
Added Pin To Net: NetName=3V3 Pin=ESP?-2
Added Pin To Net: NetName=3V3 Pin=P?-1
Added Pin To Net: NetName=3V3 Pin=R?-1
Added Pin To Net: NetName=3V3 Pin=R?-1
Added Pin To Net: NetName=3V3 Pin=R?-1
Added Pin To Net: NetName=3V3 Pin=U?-2
Added Pin To Net: NetName=3V3 Pin=U?-4
Added Net: Name=3V3
Added Pin To Net: NetName=5V Pin=P?-19
Added Net: Name=5V
Added Pin To Net: NetName=CLK Pin=ESP?-20
Added Pin To Net: NetName=CLK Pin=P?-19
Added Net: Name=CLK
Added Pin To Net: NetName=CMD Pin=ESP?-19
Added Pin To Net: NetName=CMD Pin=P?-18
Added Net: Name=CMD
Added Pin To Net: NetName=D+ Pin=J?-3
Added Pin To Net: NetName=D+ Pin=U?-5
Added Net: Name=D+
Added Pin To Net: NetName=D- Pin=J?-2
Added Pin To Net: NetName=D- Pin=U?-6
Added Net: Name=D-
Added Pin To Net: NetName=DRT Pin=Q?-2
Added Pin To Net: NetName=DRT Pin=R?-1
Added Net: Name=DRT
Added Pin To Net: NetName=DTR Pin=U?-13
Added Net: Name=DTR
Added Pin To Net: NetName=EN Pin=BOOT?-1
Added Pin To Net: NetName=EN Pin=C?-2
Added Pin To Net: NetName=EN Pin=ESP?-3
Added Pin To Net: NetName=EN Pin=P?-2
Added Pin To Net: NetName=EN Pin=Q?-3
Added Pin To Net: NetName=EN Pin=R?-2
Added Net: Name=EN
Added Pin To Net: NetName=GND Pin=BOOT?-2
Added Pin To Net: NetName=GND Pin=BOOT?-2
Added Pin To Net: NetName=GND Pin=C?-1
Added Pin To Net: NetName=GND Pin=C?-1
Added Pin To Net: NetName=GND Pin=C?-1
Added Pin To Net: NetName=GND Pin=C?-1
Added Pin To Net: NetName=GND Pin=C?-1
Added Pin To Net: NetName=GND Pin=C?-1
Added Pin To Net: NetName=GND Pin=C?-2
Added Pin To Net: NetName=GND Pin=ESP?-1
Added Pin To Net: NetName=GND Pin=ESP?-15
Added Pin To Net: NetName=GND Pin=ESP?-38
Added Pin To Net: NetName=GND Pin=ESP?-39
Added Pin To Net: NetName=GND Pin=ESP?-39
Added Pin To Net: NetName=GND Pin=ESP?-39
Added Pin To Net: NetName=GND Pin=ESP?-39
Added Pin To Net: NetName=GND Pin=ESP?-39
Added Pin To Net: NetName=GND Pin=ESP?-39
Added Pin To Net: NetName=GND Pin=ESP?-39
Added Pin To Net: NetName=GND Pin=ESP?-39
Added Pin To Net: NetName=GND Pin=ESP?-39
Added Pin To Net: NetName=GND Pin=J?-5
Added Pin To Net: NetName=GND Pin=J?-5
Added Pin To Net: NetName=GND Pin=J?-5
Added Pin To Net: NetName=GND Pin=LED?-2
Added Pin To Net: NetName=GND Pin=P?-1
Added Pin To Net: NetName=GND Pin=P?-7
Added Pin To Net: NetName=GND Pin=P?-14
Added Pin To Net: NetName=GND Pin=U?-1
Added Pin To Net: NetName=GND Pin=U?-1
Added Net: Name=GND
Added Pin To Net: NetName=IO0 Pin=BOOT?-1
Added Pin To Net: NetName=IO0 Pin=C?-2
Added Pin To Net: NetName=IO0 Pin=ESP?-25
Added Pin To Net: NetName=IO0 Pin=P?-14
Added Pin To Net: NetName=IO0 Pin=Q?-3
Added Pin To Net: NetName=IO0 Pin=R?-2
Added Net: Name=IO0
Added Pin To Net: NetName=IO2 Pin=ESP?-24
Added Pin To Net: NetName=IO2 Pin=P?-15
Added Net: Name=IO2
Added Pin To Net: NetName=IO4 Pin=ESP?-26
Added Pin To Net: NetName=IO4 Pin=P?-13
Added Net: Name=IO4
Added Pin To Net: NetName=IO5 Pin=ESP?-29
Added Pin To Net: NetName=IO5 Pin=P?-10
Added Net: Name=IO5
Added Pin To Net: NetName=IO12 Pin=ESP?-14
Added Pin To Net: NetName=IO12 Pin=P?-13
Added Net: Name=IO12
Added Pin To Net: NetName=IO13 Pin=ESP?-16
Added Pin To Net: NetName=IO13 Pin=P?-15
Added Net: Name=IO13
Added Pin To Net: NetName=IO14 Pin=ESP?-13
Added Pin To Net: NetName=IO14 Pin=P?-12
Added Net: Name=IO14
Added Pin To Net: NetName=IO15 Pin=ESP?-23
Added Pin To Net: NetName=IO15 Pin=P?-16
Added Net: Name=IO15
Added Pin To Net: NetName=IO16 Pin=ESP?-27
Added Pin To Net: NetName=IO16 Pin=P?-12
Added Net: Name=IO16
Added Pin To Net: NetName=IO17 Pin=ESP?-28
Added Pin To Net: NetName=IO17 Pin=P?-11
Added Net: Name=IO17
Added Pin To Net: NetName=IO18 Pin=ESP?-30
Added Pin To Net: NetName=IO18 Pin=P?-9
Added Net: Name=IO18
Added Pin To Net: NetName=IO19 Pin=ESP?-31
Added Pin To Net: NetName=IO19 Pin=P?-8
Added Net: Name=IO19
Added Pin To Net: NetName=IO21 Pin=ESP?-33
Added Pin To Net: NetName=IO21 Pin=P?-6
Added Net: Name=IO21
Added Pin To Net: NetName=IO22 Pin=ESP?-36
Added Pin To Net: NetName=IO22 Pin=P?-3
Added Net: Name=IO22
Added Pin To Net: NetName=IO23 Pin=ESP?-37
Added Pin To Net: NetName=IO23 Pin=P?-2
Added Net: Name=IO23
Added Pin To Net: NetName=IO25 Pin=ESP?-10
Added Pin To Net: NetName=IO25 Pin=P?-9
Added Net: Name=IO25
Added Pin To Net: NetName=IO26 Pin=ESP?-11
Added Pin To Net: NetName=IO26 Pin=P?-10
Added Net: Name=IO26
Added Pin To Net: NetName=IO27 Pin=ESP?-12
Added Pin To Net: NetName=IO27 Pin=P?-11
Added Net: Name=IO27
Added Pin To Net: NetName=IO32 Pin=ESP?-8
Added Pin To Net: NetName=IO32 Pin=P?-7
Added Net: Name=IO32
Added Pin To Net: NetName=IO33 Pin=ESP?-9
Added Pin To Net: NetName=IO33 Pin=P?-8
Added Net: Name=IO33
Added Pin To Net: NetName=IO34 Pin=ESP?-6
Added Pin To Net: NetName=IO34 Pin=P?-5
Added Net: Name=IO34
Added Pin To Net: NetName=IO35 Pin=ESP?-7
Added Pin To Net: NetName=IO35 Pin=P?-6
Added Net: Name=IO35
Added Pin To Net: NetName=NetJ?_1 Pin=J?-1
Added Pin To Net: NetName=NetJ?_1 Pin=SS?-1
Added Net: Name=NetJ?_1
Added Pin To Net: NetName=NetLED?_1 Pin=LED?-1
Added Pin To Net: NetName=NetLED?_1 Pin=R?-2
Added Net: Name=NetLED?_1
Added Pin To Net: NetName=NetQ?_1 Pin=Q?-1
Added Pin To Net: NetName=NetQ?_1 Pin=R?-2
Added Net: Name=NetQ?_1
Added Pin To Net: NetName=NetR?_1 Pin=R?-1
Added Pin To Net: NetName=NetR?_1 Pin=U?-3
Added Net: Name=NetR?_1
Added Pin To Net: NetName=RTS Pin=Q?-2
Added Pin To Net: NetName=RTS Pin=R?-1
Added Pin To Net: NetName=RTS Pin=U?-14
Added Net: Name=RTS
Added Pin To Net: NetName=RXD Pin=ESP?-34
Added Pin To Net: NetName=RXD Pin=P?-5
Added Pin To Net: NetName=RXD Pin=R?-2
Added Net: Name=RXD
Added Pin To Net: NetName=SD0 Pin=ESP?-21
Added Pin To Net: NetName=SD0 Pin=P?-18
Added Net: Name=SD0
Added Pin To Net: NetName=SD1 Pin=ESP?-22
Added Pin To Net: NetName=SD1 Pin=P?-17
Added Net: Name=SD1
Added Pin To Net: NetName=SD2 Pin=ESP?-17
Added Pin To Net: NetName=SD2 Pin=P?-16
Added Net: Name=SD2
Added Pin To Net: NetName=SD3 Pin=ESP?-18
Added Pin To Net: NetName=SD3 Pin=P?-17
Added Net: Name=SD3
Added Pin To Net: NetName=SVN Pin=ESP?-5
Added Pin To Net: NetName=SVN Pin=P?-4
Added Net: Name=SVN
Added Pin To Net: NetName=SVP Pin=ESP?-4
Added Pin To Net: NetName=SVP Pin=P?-3
Added Net: Name=SVP
Added Pin To Net: NetName=TXD Pin=ESP?-35
Added Pin To Net: NetName=TXD Pin=P?-4
Added Pin To Net: NetName=TXD Pin=R?-2
Added Net: Name=TXD
Added Class: Name=KIT-ESP32
Added Room: Name=KIT-ESP32
