Removed Pin From Net: NetName=COL2 Pin=J1-8
Added Component: Designator=P8(HDR1X20)
Add component (AddParameter): Name = "LatestRevisionDate"; Value = "17-Jul-2002"; VariantName = "[No Variations]"
Add component (AddParameter): Name = "LatestRevisionNote"; Value = "Re-released for DXP Platform."; VariantName = "[No Variations]"
Add component (AddParameter): Name = "Publisher"; Value = "Altium Limited"; VariantName = "[No Variations]"
Added Component: Designator=P9(HDR1X20)
Add component (AddParameter): Name = "LatestRevisionDate"; Value = "17-Jul-2002"; VariantName = "[No Variations]"
Add component (AddParameter): Name = "LatestRevisionNote"; Value = "Re-released for DXP Platform."; VariantName = "[No Variations]"
Add component (AddParameter): Name = "Publisher"; Value = "Altium Limited"; VariantName = "[No Variations]"
Added Pin To Net: NetName=COL3 Pin=J1-8
Added Pin To Net: NetName=3V3 Pin=P8-1
Added Pin To Net: NetName=PC13 Pin=P8-2
Added Pin To Net: NetName=PC14 Pin=P8-3
Added Pin To Net: NetName=PC15 Pin=P8-4
Added Pin To Net: NetName=ROW0 Pin=P8-5
Added Pin To Net: NetName=ROW1 Pin=P8-6
Added Pin To Net: NetName=ROW2 Pin=P8-7
Added Pin To Net: NetName=ROW3 Pin=P8-8
Added Pin To Net: NetName=COL0 Pin=P8-9
Added Pin To Net: NetName=COL1 Pin=P8-10
Added Pin To Net: NetName=COL2 Pin=P8-11
Added Pin To Net: NetName=COL3 Pin=P8-12
Added Pin To Net: NetName=RST Pin=P8-13
Added Pin To Net: NetName=PB1 Pin=P8-14
Added Pin To Net: NetName=BUZZER Pin=P8-15
Added Pin To Net: NetName=PB11 Pin=P8-16
Added Pin To Net: NetName=NRST Pin=P8-17
Added Pin To Net: NetName=3V3 Pin=P8-18
Added Pin To Net: NetName=GND Pin=P8-19
Added Pin To Net: NetName=GND Pin=P8-20
Added Pin To Net: NetName=3V3 Pin=P9-1
Added Pin To Net: NetName=GND Pin=P9-2
Added Pin To Net: NetName=5V Pin=P9-3
Added Pin To Net: NetName=PB9 Pin=P9-4
Added Pin To Net: NetName=PB8 Pin=P9-5
Added Pin To Net: NetName=SDA1 Pin=P9-6
Added Pin To Net: NetName=SCL Pin=P9-7
Added Pin To Net: NetName=PB5 Pin=P9-8
Added Pin To Net: NetName=PB4 Pin=P9-9
Added Pin To Net: NetName=PB3 Pin=P9-10
Added Pin To Net: NetName=PA15 Pin=P9-11
Added Pin To Net: NetName=PA12 Pin=P9-12
Added Pin To Net: NetName=PA11 Pin=P9-13
Added Pin To Net: NetName=PA10 Pin=P9-14
Added Pin To Net: NetName=PA9 Pin=P9-15
Added Pin To Net: NetName=PWM Pin=P9-16
Added Pin To Net: NetName=MOSI Pin=P9-17
Added Pin To Net: NetName=MISO Pin=P9-18
Added Pin To Net: NetName=SCK Pin=P9-19
Added Pin To Net: NetName=SDA2 Pin=P9-20
Added Member To Class: ClassName=RFID Member=Component P8 Header 20
Added Member To Class: ClassName=RFID Member=Component P9 Header 20
