Change Component Designator: Old Designator=BZ? New Designator=BZ1
Change Component Designator: Old Designator=C? New Designator=C1
Change Component Designator: Old Designator=C? New Designator=C2
Change Component Designator: Old Designator=C? New Designator=C3
Change Component Designator: Old Designator=C? New Designator=C4
Change Component Designator: Old Designator=C? New Designator=C5
Change Component Designator: Old Designator=C? New Designator=C6
Change Component Designator: Old Designator=C? New Designator=C7
Change Component Designator: Old Designator=C? New Designator=C8
Change Component Designator: Old Designator=C? New Designator=C9
Change Component Designator: Old Designator=C? New Designator=C10
Change Component Designator: Old Designator=C? New Designator=C11
Change Component Designator: Old Designator=CON? New Designator=CON1
Change Component Designator: Old Designator=Cx? New Designator=Cx1
Change Component Designator: Old Designator=Cx? New Designator=Cx2
Change Component Designator: Old Designator=Cx? New Designator=Cx3
Change Component Designator: Old Designator=Cx? New Designator=Cx4
Change Component Designator: Old Designator=J? New Designator=J1
Change Component Designator: Old Designator=P? New Designator=P1
Change Component Designator: Old Designator=P? New Designator=P2
Change Component Designator: Old Designator=P? New Designator=P7
Change Component Designator: Old Designator=Q? New Designator=Q1
Change Component Designator: Old Designator=R? New Designator=R1
Change Component Designator: Old Designator=R? New Designator=R2
Change Component Designator: Old Designator=R? New Designator=R3
Change Component Designator: Old Designator=R? New Designator=R4
Change Component Designator: Old Designator=R? New Designator=R5
Change Component Designator: Old Designator=S? New Designator=S1
Change Component Designator: Old Designator=S? New Designator=S2
Change Component Designator: Old Designator=S? New Designator=S3
Change Component Designator: Old Designator=S? New Designator=S4
Change Component Designator: Old Designator=S? New Designator=S5
Change Component Designator: Old Designator=S? New Designator=S6
Change Component Designator: Old Designator=S? New Designator=S7
Change Component Designator: Old Designator=S? New Designator=S8
Change Component Designator: Old Designator=S? New Designator=S9
Change Component Designator: Old Designator=S? New Designator=S10
Change Component Designator: Old Designator=S? New Designator=S11
Change Component Designator: Old Designator=S? New Designator=S12
Change Component Designator: Old Designator=S? New Designator=S13
Change Component Designator: Old Designator=S? New Designator=S14
Change Component Designator: Old Designator=S? New Designator=S15
Change Component Designator: Old Designator=S? New Designator=S16
Change Component Designator: Old Designator=U? New Designator=U1
Change Component Designator: Old Designator=U? New Designator=U2
Change Component Designator: Old Designator=U? New Designator=U3
Change Component Designator: Old Designator=U? New Designator=U6
Change Component Designator: Old Designator=U? New Designator=U12
Change Component Designator: Old Designator=Y? New Designator=Y1
Change Component Designator: Old Designator=Y? New Designator=Y2
